yarn run v1.15.2
$ export PORT=3000 && cross-env HTTPS=true NODE_PATH=src react-scripts start
[34mℹ[39m [90m｢wds｣[39m: Project is running at https://172.31.33.222/
[34mℹ[39m [90m｢wds｣[39m: webpack output is served from /
[34mℹ[39m [90m｢wds｣[39m: Content not from webpack is served from /home/ubuntu/dayoff-react/public
[34mℹ[39m [90m｢wds｣[39m: 404s will fallback to /index.html
Setting NODE_PATH to resolve modules absolutely has been deprecated in favor of setting baseUrl in jsconfig.json (or tsconfig.json if you are using TypeScript) and will be removed in a future major release of create-react-app.

Starting the development server...

Compiled with warnings.

./src/component/main/banner/banner2.scss (./node_modules/css-loader/dist/cjs.js??ref--6-oneOf-5-1!./node_modules/postcss-loader/src??postcss!./node_modules/resolve-url-loader??ref--6-oneOf-5-3!./node_modules/sass-loader/dist/cjs.js??ref--6-oneOf-5-4!./src/component/main/banner/banner2.scss)
Warning

(1:1) Unable to find uri in '@import https://fonts.googleapis.com/css?family=PT+Sans:400,700'

./src/component/admin/product/ProductUpdate.js
  Line 152:23:  'data' is assigned a value but never used  no-unused-vars

./src/component/cart/Cart.js
  Line 17:125:  No duplicate props allowed  react/jsx-no-duplicate-props

./src/component/common/header/Header.js
  Line 28:13:  'res' is assigned a value but never used  no-unused-vars

./src/component/main/banner/banner2.js
  Line 28:14:  The href attribute is required for an anchor to be keyboard accessible. Provide a valid, navigable address as the href value. If you cannot provide an href, but still need the element to resemble a link, use a button and change it with appropriate styles. Learn more: https://github.com/evcohen/eslint-plugin-jsx-a11y/blob/master/docs/rules/anchor-is-valid.md  jsx-a11y/anchor-is-valid

./src/component/common/header/MainHeader.js
  Line 30:13:  'res' is assigned a value but never used  no-unused-vars

./src/component/myPage/user/Withdraw.js
  Line 30:19:  'response' is assigned a value but never used  no-unused-vars

./src/component/common/login/Login.js
  Line 36:9:  Expected a default case  default-case

./src/component/myPage/orders/RefundRequest.js
  Line 38:19:  'response' is assigned a value but never used  no-unused-vars

./src/component/main/banner/Banner.js
  Line 4:10:  'Link' is defined but never used  no-unused-vars

./src/component/myPage/orders/orderDetail/OrderInfo.js
  Line 54:13:  Expected a default case  default-case
  Line 84:13:  Expected a default case  default-case

./src/component/pay/ListCartComponent.js
  Line 62:13:  'fullAddress' is assigned a value but never used  no-unused-vars
  Line 64:13:  'postcode' is assigned a value but never used     no-unused-vars

./src/component/common/login/SocialLogin.js
  Line 7:10:  Expected a default case  default-case

Search for the keywords to learn more about each warning.
To ignore, add // eslint-disable-next-line to the line before.

Proxy error: Could not proxy request /TopBannerList from jaehoon-dayoff.ml to https://jaehoon-dayoff.ml:8443.
See https://nodejs.org/api/errors.html#errors_common_system_errors for more information (ECONNREFUSED).

Proxy error: Could not proxy request /productRegister from jaehoon-dayoff.ml to https://jaehoon-dayoff.ml:8443.
See https://nodejs.org/api/errors.html#errors_common_system_errors for more information (ECONNREFUSED).

yarn run v1.15.2
$ export PORT=3000 && cross-env HTTPS=true NODE_PATH=src react-scripts start
[34mℹ[39m [90m｢wds｣[39m: Project is running at https://172.31.33.222/
[34mℹ[39m [90m｢wds｣[39m: webpack output is served from /
[34mℹ[39m [90m｢wds｣[39m: Content not from webpack is served from /home/ubuntu/dayoff-react/public
[34mℹ[39m [90m｢wds｣[39m: 404s will fallback to /index.html
Setting NODE_PATH to resolve modules absolutely has been deprecated in favor of setting baseUrl in jsconfig.json (or tsconfig.json if you are using TypeScript) and will be removed in a future major release of create-react-app.

Starting the development server...

Compiled with warnings.

./src/component/main/banner/banner2.scss (./node_modules/css-loader/dist/cjs.js??ref--6-oneOf-5-1!./node_modules/postcss-loader/src??postcss!./node_modules/resolve-url-loader??ref--6-oneOf-5-3!./node_modules/sass-loader/dist/cjs.js??ref--6-oneOf-5-4!./src/component/main/banner/banner2.scss)
Warning

(1:1) Unable to find uri in '@import https://fonts.googleapis.com/css?family=PT+Sans:400,700'

./src/component/admin/product/ProductUpdate.js
  Line 152:23:  'data' is assigned a value but never used  no-unused-vars

./src/component/cart/Cart.js
  Line 17:125:  No duplicate props allowed  react/jsx-no-duplicate-props

./src/component/common/header/Header.js
  Line 28:13:  'res' is assigned a value but never used  no-unused-vars

./src/component/main/banner/banner2.js
  Line 28:14:  The href attribute is required for an anchor to be keyboard accessible. Provide a valid, navigable address as the href value. If you cannot provide an href, but still need the element to resemble a link, use a button and change it with appropriate styles. Learn more: https://github.com/evcohen/eslint-plugin-jsx-a11y/blob/master/docs/rules/anchor-is-valid.md  jsx-a11y/anchor-is-valid

./src/component/common/header/MainHeader.js
  Line 30:13:  'res' is assigned a value but never used  no-unused-vars

./src/component/myPage/user/Withdraw.js
  Line 30:19:  'response' is assigned a value but never used  no-unused-vars

./src/component/common/login/Login.js
  Line 36:9:  Expected a default case  default-case

./src/component/myPage/orders/RefundRequest.js
  Line 38:19:  'response' is assigned a value but never used  no-unused-vars

./src/component/main/banner/Banner.js
  Line 4:10:  'Link' is defined but never used  no-unused-vars

./src/component/myPage/orders/orderDetail/OrderInfo.js
  Line 54:13:  Expected a default case  default-case
  Line 84:13:  Expected a default case  default-case

./src/component/pay/ListCartComponent.js
  Line 62:13:  'fullAddress' is assigned a value but never used  no-unused-vars
  Line 64:13:  'postcode' is assigned a value but never used     no-unused-vars

./src/component/common/login/SocialLogin.js
  Line 7:10:  Expected a default case  default-case

Search for the keywords to learn more about each warning.
To ignore, add // eslint-disable-next-line to the line before.

Proxy error: Could not proxy request /TopBannerList from jaehoon-dayoff.ml to https://jaehoon-dayoff.ml:8443.
See https://nodejs.org/api/errors.html#errors_common_system_errors for more information (ECONNREFUSED).

Proxy error: Could not proxy request /productRegister from jaehoon-dayoff.ml to https://jaehoon-dayoff.ml:8443.
See https://nodejs.org/api/errors.html#errors_common_system_errors for more information (ECONNREFUSED).

yarn run v1.15.2
$ export PORT=3000 && cross-env HTTPS=true NODE_PATH=src react-scripts start /dev/null
[34mℹ[39m [90m｢wds｣[39m: Project is running at https://172.31.33.222/
[34mℹ[39m [90m｢wds｣[39m: webpack output is served from /
[34mℹ[39m [90m｢wds｣[39m: Content not from webpack is served from /home/ubuntu/dayoff-react/public
[34mℹ[39m [90m｢wds｣[39m: 404s will fallback to /index.html
Setting NODE_PATH to resolve modules absolutely has been deprecated in favor of setting baseUrl in jsconfig.json (or tsconfig.json if you are using TypeScript) and will be removed in a future major release of create-react-app.

Starting the development server...

Compiled with warnings.

./src/component/main/banner/banner2.scss (./node_modules/css-loader/dist/cjs.js??ref--6-oneOf-5-1!./node_modules/postcss-loader/src??postcss!./node_modules/resolve-url-loader??ref--6-oneOf-5-3!./node_modules/sass-loader/dist/cjs.js??ref--6-oneOf-5-4!./src/component/main/banner/banner2.scss)
Warning

(1:1) Unable to find uri in '@import https://fonts.googleapis.com/css?family=PT+Sans:400,700'

./src/component/admin/product/ProductUpdate.js
  Line 152:23:  'data' is assigned a value but never used  no-unused-vars

./src/component/cart/Cart.js
  Line 17:125:  No duplicate props allowed  react/jsx-no-duplicate-props

./src/component/common/header/Header.js
  Line 28:13:  'res' is assigned a value but never used  no-unused-vars

./src/component/main/banner/banner2.js
  Line 28:14:  The href attribute is required for an anchor to be keyboard accessible. Provide a valid, navigable address as the href value. If you cannot provide an href, but still need the element to resemble a link, use a button and change it with appropriate styles. Learn more: https://github.com/evcohen/eslint-plugin-jsx-a11y/blob/master/docs/rules/anchor-is-valid.md  jsx-a11y/anchor-is-valid

./src/component/common/header/MainHeader.js
  Line 30:13:  'res' is assigned a value but never used  no-unused-vars

./src/component/myPage/user/Withdraw.js
  Line 30:19:  'response' is assigned a value but never used  no-unused-vars

./src/component/common/login/Login.js
  Line 36:9:  Expected a default case  default-case

./src/component/myPage/orders/RefundRequest.js
  Line 38:19:  'response' is assigned a value but never used  no-unused-vars

./src/component/main/banner/Banner.js
  Line 4:10:  'Link' is defined but never used  no-unused-vars

./src/component/myPage/orders/orderDetail/OrderInfo.js
  Line 54:13:  Expected a default case  default-case
  Line 84:13:  Expected a default case  default-case

./src/component/pay/ListCartComponent.js
  Line 62:13:  'fullAddress' is assigned a value but never used  no-unused-vars
  Line 64:13:  'postcode' is assigned a value but never used     no-unused-vars

./src/component/common/login/SocialLogin.js
  Line 7:10:  Expected a default case  default-case

Search for the keywords to learn more about each warning.
To ignore, add // eslint-disable-next-line to the line before.

Done in 38.62s.
yarn run v1.15.2
$ export PORT=3000 && cross-env HTTPS=true NODE_PATH=src react-scripts start
[34mℹ[39m [90m｢wds｣[39m: Project is running at https://172.31.33.222/
[34mℹ[39m [90m｢wds｣[39m: webpack output is served from /
[34mℹ[39m [90m｢wds｣[39m: Content not from webpack is served from /home/ubuntu/dayoff-react/public
[34mℹ[39m [90m｢wds｣[39m: 404s will fallback to /index.html
Setting NODE_PATH to resolve modules absolutely has been deprecated in favor of setting baseUrl in jsconfig.json (or tsconfig.json if you are using TypeScript) and will be removed in a future major release of create-react-app.

Starting the development server...

Failed to compile.

./src/component/main/banner/banner2.js
  Line 203:22:  'Link' is not defined  react/jsx-no-undef

Search for the keywords to learn more about each error.
Done in 94.28s.
yarn run v1.15.2
$ export PORT=3000 && cross-env HTTPS=true NODE_PATH=src react-scripts start
[34mℹ[39m [90m｢wds｣[39m: Project is running at https://172.31.33.222/
[34mℹ[39m [90m｢wds｣[39m: webpack output is served from /
[34mℹ[39m [90m｢wds｣[39m: Content not from webpack is served from /home/ubuntu/dayoff-react/public
[34mℹ[39m [90m｢wds｣[39m: 404s will fallback to /index.html
Setting NODE_PATH to resolve modules absolutely has been deprecated in favor of setting baseUrl in jsconfig.json (or tsconfig.json if you are using TypeScript) and will be removed in a future major release of create-react-app.

Starting the development server...

Compiled with warnings.

./src/component/main/banner/banner2.scss (./node_modules/css-loader/dist/cjs.js??ref--6-oneOf-5-1!./node_modules/postcss-loader/src??postcss!./node_modules/resolve-url-loader??ref--6-oneOf-5-3!./node_modules/sass-loader/dist/cjs.js??ref--6-oneOf-5-4!./src/component/main/banner/banner2.scss)
Warning

(1:1) Unable to find uri in '@import https://fonts.googleapis.com/css?family=PT+Sans:400,700'

./src/component/admin/product/ProductUpdate.js
  Line 152:23:  'data' is assigned a value but never used  no-unused-vars

./src/component/cart/Cart.js
  Line 17:125:  No duplicate props allowed  react/jsx-no-duplicate-props

./src/component/common/header/Header.js
  Line 28:13:  'res' is assigned a value but never used  no-unused-vars

./src/component/main/banner/banner2.js
  Line 28:14:  The href attribute is required for an anchor to be keyboard accessible. Provide a valid, navigable address as the href value. If you cannot provide an href, but still need the element to resemble a link, use a button and change it with appropriate styles. Learn more: https://github.com/evcohen/eslint-plugin-jsx-a11y/blob/master/docs/rules/anchor-is-valid.md  jsx-a11y/anchor-is-valid

./src/component/common/header/MainHeader.js
  Line 30:13:  'res' is assigned a value but never used  no-unused-vars

./src/component/myPage/user/Withdraw.js
  Line 30:19:  'response' is assigned a value but never used  no-unused-vars

./src/component/common/login/Login.js
  Line 36:9:  Expected a default case  default-case

./src/component/myPage/orders/RefundRequest.js
  Line 38:19:  'response' is assigned a value but never used  no-unused-vars

./src/component/main/banner/Banner.js
  Line 4:10:  'Link' is defined but never used  no-unused-vars

./src/component/myPage/orders/orderDetail/OrderInfo.js
  Line 54:13:  Expected a default case  default-case
  Line 84:13:  Expected a default case  default-case

./src/component/pay/ListCartComponent.js
  Line 62:13:  'fullAddress' is assigned a value but never used  no-unused-vars
  Line 64:13:  'postcode' is assigned a value but never used     no-unused-vars

./src/component/common/login/SocialLogin.js
  Line 7:10:  Expected a default case  default-case

Search for the keywords to learn more about each warning.
To ignore, add // eslint-disable-next-line to the line before.

Proxy error: Could not proxy request /TopBannerList from jaehoon-dayoff.ml to https://jaehoon-dayoff.ml:8443.
See https://nodejs.org/api/errors.html#errors_common_system_errors for more information (ECONNREFUSED).

Proxy error: Could not proxy request /productRegister from jaehoon-dayoff.ml to https://jaehoon-dayoff.ml:8443.
See https://nodejs.org/api/errors.html#errors_common_system_errors for more information (ECONNREFUSED).

Done in 140.89s.
yarn run v1.15.2
$ export PORT=3000 && cross-env HTTPS=true NODE_PATH=src react-scripts start
[34mℹ[39m [90m｢wds｣[39m: Project is running at https://172.31.33.222/
[34mℹ[39m [90m｢wds｣[39m: webpack output is served from /
[34mℹ[39m [90m｢wds｣[39m: Content not from webpack is served from /home/ubuntu/dayoff-react/public
[34mℹ[39m [90m｢wds｣[39m: 404s will fallback to /index.html
Setting NODE_PATH to resolve modules absolutely has been deprecated in favor of setting baseUrl in jsconfig.json (or tsconfig.json if you are using TypeScript) and will be removed in a future major release of create-react-app.

Starting the development server...

Failed to compile.

./src/component/main/banner/banner2.js
  Line 18:23:  'res' is not defined  no-undef

Search for the keywords to learn more about each error.
Compiling...
Compiled with warnings.

./src/component/main/banner/banner2.scss (./node_modules/css-loader/dist/cjs.js??ref--6-oneOf-5-1!./node_modules/postcss-loader/src??postcss!./node_modules/resolve-url-loader??ref--6-oneOf-5-3!./node_modules/sass-loader/dist/cjs.js??ref--6-oneOf-5-4!./src/component/main/banner/banner2.scss)
Warning

(1:1) Unable to find uri in '@import https://fonts.googleapis.com/css?family=PT+Sans:400,700'

./src/component/admin/product/ProductUpdate.js
  Line 152:23:  'data' is assigned a value but never used  no-unused-vars

./src/component/cart/Cart.js
  Line 17:125:  No duplicate props allowed  react/jsx-no-duplicate-props

./src/component/common/header/Header.js
  Line 28:13:  'res' is assigned a value but never used  no-unused-vars

./src/component/common/header/MainHeader.js
  Line 30:13:  'res' is assigned a value but never used  no-unused-vars

./src/component/main/banner/banner2.js
  Line 30:14:  The href attribute is required for an anchor to be keyboard accessible. Provide a valid, navigable address as the href value. If you cannot provide an href, but still need the element to resemble a link, use a button and change it with appropriate styles. Learn more: https://github.com/evcohen/eslint-plugin-jsx-a11y/blob/master/docs/rules/anchor-is-valid.md  jsx-a11y/anchor-is-valid

./src/component/myPage/user/Withdraw.js
  Line 30:19:  'response' is assigned a value but never used  no-unused-vars

./src/component/common/login/Login.js
  Line 36:9:  Expected a default case  default-case

./src/component/myPage/orders/RefundRequest.js
  Line 38:19:  'response' is assigned a value but never used  no-unused-vars

./src/component/main/banner/Banner.js
  Line 4:10:  'Link' is defined but never used  no-unused-vars

./src/component/myPage/orders/orderDetail/OrderInfo.js
  Line 54:13:  Expected a default case  default-case
  Line 84:13:  Expected a default case  default-case

./src/component/pay/ListCartComponent.js
  Line 62:13:  'fullAddress' is assigned a value but never used  no-unused-vars
  Line 64:13:  'postcode' is assigned a value but never used     no-unused-vars

./src/component/common/login/SocialLogin.js
  Line 7:10:  Expected a default case  default-case

Search for the keywords to learn more about each warning.
To ignore, add // eslint-disable-next-line to the line before.

Proxy error: Could not proxy request /TopBannerList from jaehoon-dayoff.ml to https://jaehoon-dayoff.ml:8443.
See https://nodejs.org/api/errors.html#errors_common_system_errors for more information (ECONNREFUSED).

Proxy error: Could not proxy request /productRegister from jaehoon-dayoff.ml to https://jaehoon-dayoff.ml:8443.
See https://nodejs.org/api/errors.html#errors_common_system_errors for more information (ECONNREFUSED).

Compiling...
Failed to compile.

./src/component/main/banner/banner2.js
  Line 203:22:  'Link' is not defined  react/jsx-no-undef

Search for the keywords to learn more about each error.
Compiling...
Compiled with warnings.

./src/component/main/banner/banner2.scss (./node_modules/css-loader/dist/cjs.js??ref--6-oneOf-5-1!./node_modules/postcss-loader/src??postcss!./node_modules/resolve-url-loader??ref--6-oneOf-5-3!./node_modules/sass-loader/dist/cjs.js??ref--6-oneOf-5-4!./src/component/main/banner/banner2.scss)
Warning

(1:1) Unable to find uri in '@import https://fonts.googleapis.com/css?family=PT+Sans:400,700'

./src/component/admin/product/ProductUpdate.js
  Line 152:23:  'data' is assigned a value but never used  no-unused-vars

./src/component/cart/Cart.js
  Line 17:125:  No duplicate props allowed  react/jsx-no-duplicate-props

./src/component/common/header/Header.js
  Line 28:13:  'res' is assigned a value but never used  no-unused-vars

./src/component/main/banner/banner2.js
  Line 28:14:  The href attribute is required for an anchor to be keyboard accessible. Provide a valid, navigable address as the href value. If you cannot provide an href, but still need the element to resemble a link, use a button and change it with appropriate styles. Learn more: https://github.com/evcohen/eslint-plugin-jsx-a11y/blob/master/docs/rules/anchor-is-valid.md  jsx-a11y/anchor-is-valid

./src/component/common/header/MainHeader.js
  Line 30:13:  'res' is assigned a value but never used  no-unused-vars

./src/component/myPage/user/Withdraw.js
  Line 30:19:  'response' is assigned a value but never used  no-unused-vars

./src/component/common/login/Login.js
  Line 36:9:  Expected a default case  default-case

./src/component/myPage/orders/RefundRequest.js
  Line 38:19:  'response' is assigned a value but never used  no-unused-vars

./src/component/main/banner/Banner.js
  Line 4:10:  'Link' is defined but never used  no-unused-vars

./src/component/myPage/orders/orderDetail/OrderInfo.js
  Line 54:13:  Expected a default case  default-case
  Line 84:13:  Expected a default case  default-case

./src/component/pay/ListCartComponent.js
  Line 62:13:  'fullAddress' is assigned a value but never used  no-unused-vars
  Line 64:13:  'postcode' is assigned a value but never used     no-unused-vars

./src/component/common/login/SocialLogin.js
  Line 7:10:  Expected a default case  default-case

Search for the keywords to learn more about each warning.
To ignore, add // eslint-disable-next-line to the line before.

Proxy error: Could not proxy request /TopBannerList from jaehoon-dayoff.ml to https://jaehoon-dayoff.ml:8443.
See https://nodejs.org/api/errors.html#errors_common_system_errors for more information (ECONNREFUSED).

Proxy error: Could not proxy request /productRegister from jaehoon-dayoff.ml to https://jaehoon-dayoff.ml:8443.
See https://nodejs.org/api/errors.html#errors_common_system_errors for more information (ECONNREFUSED).

Compiling...
Compiled with warnings.

./src/component/main/banner/banner2.scss (./node_modules/css-loader/dist/cjs.js??ref--6-oneOf-5-1!./node_modules/postcss-loader/src??postcss!./node_modules/resolve-url-loader??ref--6-oneOf-5-3!./node_modules/sass-loader/dist/cjs.js??ref--6-oneOf-5-4!./src/component/main/banner/banner2.scss)
Warning

(1:1) Unable to find uri in '@import https://fonts.googleapis.com/css?family=PT+Sans:400,700'

./src/component/admin/product/ProductUpdate.js
  Line 152:23:  'data' is assigned a value but never used  no-unused-vars

./src/component/cart/Cart.js
  Line 17:125:  No duplicate props allowed  react/jsx-no-duplicate-props

./src/component/common/header/Header.js
  Line 28:13:  'res' is assigned a value but never used  no-unused-vars

./src/component/common/header/MainHeader.js
  Line 30:13:  'res' is assigned a value but never used  no-unused-vars

./src/component/main/banner/banner2.js
  Line 30:14:  The href attribute is required for an anchor to be keyboard accessible. Provide a valid, navigable address as the href value. If you cannot provide an href, but still need the element to resemble a link, use a button and change it with appropriate styles. Learn more: https://github.com/evcohen/eslint-plugin-jsx-a11y/blob/master/docs/rules/anchor-is-valid.md  jsx-a11y/anchor-is-valid

./src/component/myPage/user/Withdraw.js
  Line 30:19:  'response' is assigned a value but never used  no-unused-vars

./src/component/common/login/Login.js
  Line 36:9:  Expected a default case  default-case

./src/component/myPage/orders/RefundRequest.js
  Line 38:19:  'response' is assigned a value but never used  no-unused-vars

./src/component/main/banner/Banner.js
  Line 4:10:  'Link' is defined but never used  no-unused-vars

./src/component/myPage/orders/orderDetail/OrderInfo.js
  Line 54:13:  Expected a default case  default-case
  Line 84:13:  Expected a default case  default-case

./src/component/pay/ListCartComponent.js
  Line 62:13:  'fullAddress' is assigned a value but never used  no-unused-vars
  Line 64:13:  'postcode' is assigned a value but never used     no-unused-vars

./src/component/common/login/SocialLogin.js
  Line 7:10:  Expected a default case  default-case

Search for the keywords to learn more about each warning.
To ignore, add // eslint-disable-next-line to the line before.

Compiling...
Compiled with warnings.

./src/component/main/banner/banner2.scss (./node_modules/css-loader/dist/cjs.js??ref--6-oneOf-5-1!./node_modules/postcss-loader/src??postcss!./node_modules/resolve-url-loader??ref--6-oneOf-5-3!./node_modules/sass-loader/dist/cjs.js??ref--6-oneOf-5-4!./src/component/main/banner/banner2.scss)
Warning

(1:1) Unable to find uri in '@import https://fonts.googleapis.com/css?family=PT+Sans:400,700'

./src/component/admin/product/ProductUpdate.js
  Line 152:23:  'data' is assigned a value but never used  no-unused-vars

./src/component/cart/Cart.js
  Line 17:125:  No duplicate props allowed  react/jsx-no-duplicate-props

./src/component/common/header/Header.js
  Line 28:13:  'res' is assigned a value but never used  no-unused-vars

./src/component/common/header/MainHeader.js
  Line 30:13:  'res' is assigned a value but never used  no-unused-vars

./src/component/main/banner/banner2.js
  Line 30:14:  The href attribute is required for an anchor to be keyboard accessible. Provide a valid, navigable address as the href value. If you cannot provide an href, but still need the element to resemble a link, use a button and change it with appropriate styles. Learn more: https://github.com/evcohen/eslint-plugin-jsx-a11y/blob/master/docs/rules/anchor-is-valid.md  jsx-a11y/anchor-is-valid

./src/component/myPage/user/Withdraw.js
  Line 30:19:  'response' is assigned a value but never used  no-unused-vars

./src/component/common/login/Login.js
  Line 36:9:  Expected a default case  default-case

./src/component/myPage/orders/RefundRequest.js
  Line 38:19:  'response' is assigned a value but never used  no-unused-vars

./src/component/main/banner/Banner.js
  Line 4:10:  'Link' is defined but never used  no-unused-vars

./src/component/myPage/orders/orderDetail/OrderInfo.js
  Line 54:13:  Expected a default case  default-case
  Line 84:13:  Expected a default case  default-case

./src/component/pay/ListCartComponent.js
  Line 62:13:  'fullAddress' is assigned a value but never used  no-unused-vars
  Line 64:13:  'postcode' is assigned a value but never used     no-unused-vars

./src/component/common/login/SocialLogin.js
  Line 7:10:  Expected a default case  default-case

Search for the keywords to learn more about each warning.
To ignore, add // eslint-disable-next-line to the line before.

yarn run v1.15.2
$ export PORT=3000 && cross-env HTTPS=true NODE_PATH=src react-scripts start
[34mℹ[39m [90m｢wds｣[39m: Project is running at https://172.31.33.222/
[34mℹ[39m [90m｢wds｣[39m: webpack output is served from /
[34mℹ[39m [90m｢wds｣[39m: Content not from webpack is served from /home/ubuntu/dayoff-react/public
[34mℹ[39m [90m｢wds｣[39m: 404s will fallback to /index.html
Setting NODE_PATH to resolve modules absolutely has been deprecated in favor of setting baseUrl in jsconfig.json (or tsconfig.json if you are using TypeScript) and will be removed in a future major release of create-react-app.

Starting the development server...

Compiled with warnings.

./src/component/main/banner/banner2.scss (./node_modules/css-loader/dist/cjs.js??ref--6-oneOf-5-1!./node_modules/postcss-loader/src??postcss!./node_modules/resolve-url-loader??ref--6-oneOf-5-3!./node_modules/sass-loader/dist/cjs.js??ref--6-oneOf-5-4!./src/component/main/banner/banner2.scss)
Warning

(1:1) Unable to find uri in '@import https://fonts.googleapis.com/css?family=PT+Sans:400,700'

./src/component/admin/product/ProductUpdate.js
  Line 152:23:  'data' is assigned a value but never used  no-unused-vars

./src/component/cart/Cart.js
  Line 17:125:  No duplicate props allowed  react/jsx-no-duplicate-props

./src/component/common/header/Header.js
  Line 28:13:  'res' is assigned a value but never used  no-unused-vars

./src/component/common/header/MainHeader.js
  Line 30:13:  'res' is assigned a value but never used  no-unused-vars

./src/component/main/banner/banner2.js
  Line 30:14:  The href attribute is required for an anchor to be keyboard accessible. Provide a valid, navigable address as the href value. If you cannot provide an href, but still need the element to resemble a link, use a button and change it with appropriate styles. Learn more: https://github.com/evcohen/eslint-plugin-jsx-a11y/blob/master/docs/rules/anchor-is-valid.md  jsx-a11y/anchor-is-valid

./src/component/myPage/user/Withdraw.js
  Line 30:19:  'response' is assigned a value but never used  no-unused-vars

./src/component/common/login/Login.js
  Line 36:9:  Expected a default case  default-case

./src/component/myPage/orders/RefundRequest.js
  Line 38:19:  'response' is assigned a value but never used  no-unused-vars

./src/component/main/banner/Banner.js
  Line 4:10:  'Link' is defined but never used  no-unused-vars

./src/component/myPage/orders/orderDetail/OrderInfo.js
  Line 54:13:  Expected a default case  default-case
  Line 84:13:  Expected a default case  default-case

./src/component/pay/ListCartComponent.js
  Line 62:13:  'fullAddress' is assigned a value but never used  no-unused-vars
  Line 64:13:  'postcode' is assigned a value but never used     no-unused-vars

./src/component/common/login/SocialLogin.js
  Line 7:10:  Expected a default case  default-case

Search for the keywords to learn more about each warning.
To ignore, add // eslint-disable-next-line to the line before.

Done in 158.88s.
yarn run v1.15.2
$ export PORT=3000 && cross-env HTTPS=true NODE_PATH=src react-scripts start
[34mℹ[39m [90m｢wds｣[39m: Project is running at https://172.31.33.222/
[34mℹ[39m [90m｢wds｣[39m: webpack output is served from /
[34mℹ[39m [90m｢wds｣[39m: Content not from webpack is served from /home/ubuntu/dayoff-react/public
[34mℹ[39m [90m｢wds｣[39m: 404s will fallback to /index.html
Setting NODE_PATH to resolve modules absolutely has been deprecated in favor of setting baseUrl in jsconfig.json (or tsconfig.json if you are using TypeScript) and will be removed in a future major release of create-react-app.

Starting the development server...

Compiled with warnings.

./src/component/main/banner/banner2.scss (./node_modules/css-loader/dist/cjs.js??ref--6-oneOf-5-1!./node_modules/postcss-loader/src??postcss!./node_modules/resolve-url-loader??ref--6-oneOf-5-3!./node_modules/sass-loader/dist/cjs.js??ref--6-oneOf-5-4!./src/component/main/banner/banner2.scss)
Warning

(1:1) Unable to find uri in '@import https://fonts.googleapis.com/css?family=PT+Sans:400,700'

./src/component/admin/product/ProductUpdate.js
  Line 152:23:  'data' is assigned a value but never used  no-unused-vars

./src/component/cart/Cart.js
  Line 17:125:  No duplicate props allowed  react/jsx-no-duplicate-props

./src/component/common/header/Header.js
  Line 28:13:  'res' is assigned a value but never used  no-unused-vars

./src/component/common/header/MainHeader.js
  Line 30:13:  'res' is assigned a value but never used  no-unused-vars

./src/component/main/banner/banner2.js
  Line 30:14:  The href attribute is required for an anchor to be keyboard accessible. Provide a valid, navigable address as the href value. If you cannot provide an href, but still need the element to resemble a link, use a button and change it with appropriate styles. Learn more: https://github.com/evcohen/eslint-plugin-jsx-a11y/blob/master/docs/rules/anchor-is-valid.md  jsx-a11y/anchor-is-valid

./src/component/myPage/user/Withdraw.js
  Line 30:19:  'response' is assigned a value but never used  no-unused-vars

./src/component/common/login/Login.js
  Line 36:9:  Expected a default case  default-case

./src/component/myPage/orders/RefundRequest.js
  Line 38:19:  'response' is assigned a value but never used  no-unused-vars

./src/component/main/banner/Banner.js
  Line 4:10:  'Link' is defined but never used  no-unused-vars

./src/component/myPage/orders/orderDetail/OrderInfo.js
  Line 54:13:  Expected a default case  default-case
  Line 84:13:  Expected a default case  default-case

./src/component/pay/ListCartComponent.js
  Line 62:13:  'fullAddress' is assigned a value but never used  no-unused-vars
  Line 64:13:  'postcode' is assigned a value but never used     no-unused-vars

./src/component/common/login/SocialLogin.js
  Line 7:10:  Expected a default case  default-case

Search for the keywords to learn more about each warning.
To ignore, add // eslint-disable-next-line to the line before.

Proxy error: Could not proxy request /TopBannerList from jaehoon-dayoff.tk to https://jaehoon-dayoff.tk:8443.
See https://nodejs.org/api/errors.html#errors_common_system_errors for more information (ECONNREFUSED).

Proxy error: Could not proxy request /productRegister from jaehoon-dayoff.tk to https://jaehoon-dayoff.tk:8443.
See https://nodejs.org/api/errors.html#errors_common_system_errors for more information (ECONNREFUSED).

yarn run v1.15.2
$ export PORT=3000 && cross-env HTTPS=true NODE_PATH=src react-scripts start
[34mℹ[39m [90m｢wds｣[39m: Project is running at https://172.31.33.222/
[34mℹ[39m [90m｢wds｣[39m: webpack output is served from /
[34mℹ[39m [90m｢wds｣[39m: Content not from webpack is served from /home/ubuntu/dayoff-react/public
[34mℹ[39m [90m｢wds｣[39m: 404s will fallback to /index.html
Setting NODE_PATH to resolve modules absolutely has been deprecated in favor of setting baseUrl in jsconfig.json (or tsconfig.json if you are using TypeScript) and will be removed in a future major release of create-react-app.

Starting the development server...

Compiled with warnings.

./src/component/main/banner/banner2.scss (./node_modules/css-loader/dist/cjs.js??ref--6-oneOf-5-1!./node_modules/postcss-loader/src??postcss!./node_modules/resolve-url-loader??ref--6-oneOf-5-3!./node_modules/sass-loader/dist/cjs.js??ref--6-oneOf-5-4!./src/component/main/banner/banner2.scss)
Warning

(1:1) Unable to find uri in '@import https://fonts.googleapis.com/css?family=PT+Sans:400,700'

./src/component/admin/product/ProductUpdate.js
  Line 152:23:  'data' is assigned a value but never used  no-unused-vars

./src/component/cart/Cart.js
  Line 17:125:  No duplicate props allowed  react/jsx-no-duplicate-props

./src/component/common/header/Header.js
  Line 28:13:  'res' is assigned a value but never used  no-unused-vars

./src/component/common/header/MainHeader.js
  Line 30:13:  'res' is assigned a value but never used  no-unused-vars

./src/component/main/banner/banner2.js
  Line 30:14:  The href attribute is required for an anchor to be keyboard accessible. Provide a valid, navigable address as the href value. If you cannot provide an href, but still need the element to resemble a link, use a button and change it with appropriate styles. Learn more: https://github.com/evcohen/eslint-plugin-jsx-a11y/blob/master/docs/rules/anchor-is-valid.md  jsx-a11y/anchor-is-valid

./src/component/myPage/user/Withdraw.js
  Line 30:19:  'response' is assigned a value but never used  no-unused-vars

./src/component/common/login/Login.js
  Line 36:9:  Expected a default case  default-case

./src/component/myPage/orders/RefundRequest.js
  Line 38:19:  'response' is assigned a value but never used  no-unused-vars

./src/component/main/banner/Banner.js
  Line 4:10:  'Link' is defined but never used  no-unused-vars

./src/component/myPage/orders/orderDetail/OrderInfo.js
  Line 54:13:  Expected a default case  default-case
  Line 84:13:  Expected a default case  default-case

./src/component/pay/ListCartComponent.js
  Line 62:13:  'fullAddress' is assigned a value but never used  no-unused-vars
  Line 64:13:  'postcode' is assigned a value but never used     no-unused-vars

./src/component/common/login/SocialLogin.js
  Line 7:10:  Expected a default case  default-case

Search for the keywords to learn more about each warning.
To ignore, add // eslint-disable-next-line to the line before.

Proxy error: Could not proxy request /MonthProductListmax5 from jaehoon-dayoff.tk to https://jaehoon-dayoff.tk:8443.
See https://nodejs.org/api/errors.html#errors_common_system_errors for more information (ECONNREFUSED).

Proxy error: Could not proxy request /ColorProduct/category/undefined?sort=undefined,undefined from jaehoon-dayoff.tk to https://jaehoon-dayoff.tk:8443.
See https://nodejs.org/api/errors.html#errors_common_system_errors for more information (ECONNREFUSED).

Proxy error: Could not proxy request /MainCategory/category/TOP?sort=, from jaehoon-dayoff.tk to https://jaehoon-dayoff.tk:8443.
See https://nodejs.org/api/errors.html#errors_common_system_errors for more information (ECONNREFUSED).

Compiling...
Compiled with warnings.

./src/component/main/banner/banner2.scss (./node_modules/css-loader/dist/cjs.js??ref--6-oneOf-5-1!./node_modules/postcss-loader/src??postcss!./node_modules/resolve-url-loader??ref--6-oneOf-5-3!./node_modules/sass-loader/dist/cjs.js??ref--6-oneOf-5-4!./src/component/main/banner/banner2.scss)
Warning

(1:1) Unable to find uri in '@import https://fonts.googleapis.com/css?family=PT+Sans:400,700'

./src/component/admin/product/ProductUpdate.js
  Line 152:23:  'data' is assigned a value but never used  no-unused-vars

./src/component/cart/Cart.js
  Line 17:125:  No duplicate props allowed  react/jsx-no-duplicate-props

./src/component/common/header/Header.js
  Line 28:13:  'res' is assigned a value but never used  no-unused-vars

./src/component/common/header/MainHeader.js
  Line 30:13:  'res' is assigned a value but never used  no-unused-vars

./src/component/main/banner/banner2.js
  Line 30:14:  The href attribute is required for an anchor to be keyboard accessible. Provide a valid, navigable address as the href value. If you cannot provide an href, but still need the element to resemble a link, use a button and change it with appropriate styles. Learn more: https://github.com/evcohen/eslint-plugin-jsx-a11y/blob/master/docs/rules/anchor-is-valid.md  jsx-a11y/anchor-is-valid

./src/component/myPage/user/Withdraw.js
  Line 30:19:  'response' is assigned a value but never used  no-unused-vars

./src/component/common/login/Login.js
  Line 36:9:  Expected a default case  default-case

./src/component/myPage/orders/RefundRequest.js
  Line 38:19:  'response' is assigned a value but never used  no-unused-vars

./src/component/main/banner/Banner.js
  Line 4:10:  'Link' is defined but never used  no-unused-vars

./src/component/myPage/orders/orderDetail/OrderInfo.js
  Line 54:13:  Expected a default case  default-case
  Line 84:13:  Expected a default case  default-case

./src/component/pay/ListCartComponent.js
  Line 62:13:  'fullAddress' is assigned a value but never used  no-unused-vars
  Line 64:13:  'postcode' is assigned a value but never used     no-unused-vars

./src/component/common/login/SocialLogin.js
  Line 7:10:  Expected a default case  default-case

Search for the keywords to learn more about each warning.
To ignore, add // eslint-disable-next-line to the line before.

Done in 1019.25s.
yarn run v1.15.2
$ export PORT=3000 && cross-env HTTPS=true NODE_PATH=src react-scripts start
[34mℹ[39m [90m｢wds｣[39m: Project is running at https://172.31.33.222/
[34mℹ[39m [90m｢wds｣[39m: webpack output is served from /
[34mℹ[39m [90m｢wds｣[39m: Content not from webpack is served from /home/ubuntu/dayoff-react/public
[34mℹ[39m [90m｢wds｣[39m: 404s will fallback to /index.html
Setting NODE_PATH to resolve modules absolutely has been deprecated in favor of setting baseUrl in jsconfig.json (or tsconfig.json if you are using TypeScript) and will be removed in a future major release of create-react-app.

Starting the development server...

Compiled with warnings.

./src/component/main/banner/banner2.scss (./node_modules/css-loader/dist/cjs.js??ref--6-oneOf-5-1!./node_modules/postcss-loader/src??postcss!./node_modules/resolve-url-loader??ref--6-oneOf-5-3!./node_modules/sass-loader/dist/cjs.js??ref--6-oneOf-5-4!./src/component/main/banner/banner2.scss)
Warning

(1:1) Unable to find uri in '@import https://fonts.googleapis.com/css?family=PT+Sans:400,700'

./src/component/admin/product/ProductUpdate.js
  Line 152:23:  'data' is assigned a value but never used  no-unused-vars

./src/component/cart/Cart.js
  Line 17:125:  No duplicate props allowed  react/jsx-no-duplicate-props

./src/component/common/header/Header.js
  Line 28:13:  'res' is assigned a value but never used  no-unused-vars

./src/component/common/header/MainHeader.js
  Line 30:13:  'res' is assigned a value but never used  no-unused-vars

./src/component/main/banner/banner2.js
  Line 30:14:  The href attribute is required for an anchor to be keyboard accessible. Provide a valid, navigable address as the href value. If you cannot provide an href, but still need the element to resemble a link, use a button and change it with appropriate styles. Learn more: https://github.com/evcohen/eslint-plugin-jsx-a11y/blob/master/docs/rules/anchor-is-valid.md  jsx-a11y/anchor-is-valid

./src/component/myPage/user/Withdraw.js
  Line 30:19:  'response' is assigned a value but never used  no-unused-vars

./src/component/common/login/Login.js
  Line 36:9:  Expected a default case  default-case

./src/component/myPage/orders/RefundRequest.js
  Line 38:19:  'response' is assigned a value but never used  no-unused-vars

./src/component/main/banner/Banner.js
  Line 4:10:  'Link' is defined but never used  no-unused-vars

./src/component/myPage/orders/orderDetail/OrderInfo.js
  Line 54:13:  Expected a default case  default-case
  Line 84:13:  Expected a default case  default-case

./src/component/pay/ListCartComponent.js
  Line 62:13:  'fullAddress' is assigned a value but never used  no-unused-vars
  Line 64:13:  'postcode' is assigned a value but never used     no-unused-vars

./src/component/common/login/SocialLogin.js
  Line 7:10:  Expected a default case  default-case

Search for the keywords to learn more about each warning.
To ignore, add // eslint-disable-next-line to the line before.

Proxy error: Could not proxy request /TopBannerList from jaehoon-dayoff.ml to https://jaehoon-dayoff.ml:8443.
See https://nodejs.org/api/errors.html#errors_common_system_errors for more information (ECONNREFUSED).

Proxy error: Could not proxy request /productRegister from jaehoon-dayoff.ml to https://jaehoon-dayoff.ml:8443.
See https://nodejs.org/api/errors.html#errors_common_system_errors for more information (ECONNREFUSED).

Proxy error: Could not proxy request /MonthProductListmax5 from jaehoon-dayoff.ml to https://jaehoon-dayoff.ml:8443.
See https://nodejs.org/api/errors.html#errors_common_system_errors for more information (ECONNREFUSED).

Proxy error: Could not proxy request /MonthProductListmax5 from jaehoon-dayoff.ml to https://jaehoon-dayoff.ml:8443.
See https://nodejs.org/api/errors.html#errors_common_system_errors for more information (ECONNREFUSED).

Proxy error: Could not proxy request /MainCategory/category/BOTTOM?sort=, from jaehoon-dayoff.ml to https://jaehoon-dayoff.ml:8443.
See https://nodejs.org/api/errors.html#errors_common_system_errors for more information (ECONNREFUSED).

Proxy error: Could not proxy request /ColorProduct/category/undefined?sort=undefined,undefined from jaehoon-dayoff.ml to https://jaehoon-dayoff.ml:8443.
See https://nodejs.org/api/errors.html#errors_common_system_errors for more information (ECONNREFUSED).

Proxy error: Could not proxy request /TopBannerList from jaehoon-dayoff.ml to https://jaehoon-dayoff.ml:8443.
See https://nodejs.org/api/errors.html#errors_common_system_errors for more information (ECONNREFUSED).

Proxy error: Could not proxy request /productRegister from jaehoon-dayoff.ml to https://jaehoon-dayoff.ml:8443.
See https://nodejs.org/api/errors.html#errors_common_system_errors for more information (ECONNREFUSED).

